<?xml version="1.0" encoding="UTF-8"?>
<testsuite xmlns:xsi="http://www.w3.org/2001/XMLSchema-instance" xsi:noNamespaceSchemaLocation="https://maven.apache.org/surefire/maven-surefire-plugin/xsd/surefire-test-report.xsd" name="MyTest" time="4.894" tests="3" errors="0" skipped="0" failures="0">
  <properties>
[...]
</properties>
  <testcase name="test1" classname="MyTest" time="3.641"/>
  <testcase name="test2" classname="MyTest" time="0.609"/>
  <testcase name="test3" classname="MyTest" time="0.6"/>
</testsuite>